<?xml version="1.0" encoding="UTF-8"?>
<coverage generated="1523166858632" clover="3.2.0">
  <project timestamp="1523166858632" name="All files">
    <metrics statements="15" coveredstatements="12" conditionals="2" coveredconditionals="1" methods="8" coveredmethods="6" elements="25" coveredelements="19" complexity="0" loc="15" ncloc="15" packages="5" files="6" classes="6">
      <package name="src">
        <metrics statements="1" coveredstatements="1" conditionals="0" coveredconditionals="0" methods="1" coveredmethods="1"/>
        <file name="App.tsx" path="/Users/bharattiwari/working/votOn/reactnative/votOn-ReactNative/src/App.tsx">
          <metrics statements="1" coveredstatements="1" conditionals="0" coveredconditionals="0" methods="1" coveredmethods="1"/>
          <line num="6" count="1" type="stmt"/>
        </file>
      </package>
      <package name="src.components.testjest">
        <metrics statements="7" coveredstatements="6" conditionals="2" coveredconditionals="1" methods="4" coveredmethods="4"/>
        <file name="test2.tsx" path="/Users/bharattiwari/working/votOn/reactnative/votOn-ReactNative/src/components/testjest/test2.tsx">
          <metrics statements="5" coveredstatements="4" conditionals="2" coveredconditionals="1" methods="2" coveredmethods="2"/>
          <line num="3" count="1" type="stmt"/>
          <line num="4" count="2" type="stmt"/>
          <line num="5" count="1" type="cond" truecount="1" falsecount="1"/>
          <line num="6" count="1" type="stmt"/>
          <line num="8" count="0" type="stmt"/>
        </file>
        <file name="testjest.tsx" path="/Users/bharattiwari/working/votOn/reactnative/votOn-ReactNative/src/components/testjest/testjest.tsx">
          <metrics statements="2" coveredstatements="2" conditionals="0" coveredconditionals="0" methods="2" coveredmethods="2"/>
          <line num="2" count="1" type="stmt"/>
          <line num="3" count="2" type="stmt"/>
        </file>
      </package>
      <package name="src.screens">
        <metrics statements="1" coveredstatements="1" conditionals="0" coveredconditionals="0" methods="0" coveredmethods="0"/>
        <file name="router.ts" path="/Users/bharattiwari/working/votOn/reactnative/votOn-ReactNative/src/screens/router.ts">
          <metrics statements="1" coveredstatements="1" conditionals="0" coveredconditionals="0" methods="0" coveredmethods="0"/>
          <line num="5" count="1" type="stmt"/>
        </file>
      </package>
      <package name="src.screens.home">
        <metrics statements="3" coveredstatements="2" conditionals="0" coveredconditionals="0" methods="2" coveredmethods="1"/>
        <file name="home.tsx" path="/Users/bharattiwari/working/votOn/reactnative/votOn-ReactNative/src/screens/home/home.tsx">
          <metrics statements="3" coveredstatements="2" conditionals="0" coveredconditionals="0" methods="2" coveredmethods="1"/>
          <line num="10" count="1" type="stmt"/>
          <line num="20" count="0" type="stmt"/>
          <line num="34" count="1" type="stmt"/>
        </file>
      </package>
      <package name="src.screens.secondScreen">
        <metrics statements="3" coveredstatements="2" conditionals="0" coveredconditionals="0" methods="1" coveredmethods="0"/>
        <file name="secondScreen.tsx" path="/Users/bharattiwari/working/votOn/reactnative/votOn-ReactNative/src/screens/secondScreen/secondScreen.tsx">
          <metrics statements="3" coveredstatements="2" conditionals="0" coveredconditionals="0" methods="1" coveredmethods="0"/>
          <line num="6" count="1" type="stmt"/>
          <line num="7" count="0" type="stmt"/>
          <line num="27" count="1" type="stmt"/>
        </file>
      </package>
    </metrics>
  </project>
</coverage>
