{"/Users/bharattiwari/working/votOn/reactnative/votOn-ReactNative/src/App.tsx": {"path":"/Users/bharattiwari/working/votOn/reactnative/votOn-ReactNative/src/App.tsx","statementMap":{"0":{"start":{"line":6,"column":4},"end":{"line":14,"column":6}}},"fnMap":{"0":{"name":"(anonymous_0)","decl":{"start":{"line":5,"column":2},"end":{"line":5,"column":7}},"loc":{"start":{"line":5,"column":8},"end":{"line":16,"column":3}}}},"branchMap":{},"s":{"0":1},"f":{"0":1},"b":{}}
,"/Users/bharattiwari/working/votOn/reactnative/votOn-ReactNative/src/components/testjest/test2.tsx": {"path":"/Users/bharattiwari/working/votOn/reactnative/votOn-ReactNative/src/components/testjest/test2.tsx","statementMap":{"0":{"start":{"line":3,"column":20},"end":{"line":9,"column":1}},"1":{"start":{"line":4,"column":17},"end":{"line":4,"column":64}},"2":{"start":{"line":4,"column":39},"end":{"line":4,"column":63}},"3":{"start":{"line":5,"column":4},"end":{"line":7,"column":5}},"4":{"start":{"line":6,"column":8},"end":{"line":6,"column":23}},"5":{"start":{"line":8,"column":4},"end":{"line":8,"column":14}}},"fnMap":{"0":{"name":"(anonymous_0)","decl":{"start":{"line":3,"column":20},"end":{"line":3,"column":21}},"loc":{"start":{"line":3,"column":63},"end":{"line":9,"column":1}}},"1":{"name":"(anonymous_1)","decl":{"start":{"line":4,"column":34},"end":{"line":4,"column":35}},"loc":{"start":{"line":4,"column":39},"end":{"line":4,"column":63}}}},"branchMap":{"0":{"loc":{"start":{"line":5,"column":4},"end":{"line":7,"column":5}},"type":"if","locations":[{"start":{"line":5,"column":4},"end":{"line":7,"column":5}},{"start":{"line":5,"column":4},"end":{"line":7,"column":5}}]}},"s":{"0":1,"1":1,"2":2,"3":1,"4":1,"5":0},"f":{"0":1,"1":2},"b":{"0":[1,0]}}
,"/Users/bharattiwari/working/votOn/reactnative/votOn-ReactNative/src/components/testjest/testjest.tsx": {"path":"/Users/bharattiwari/working/votOn/reactnative/votOn-ReactNative/src/components/testjest/testjest.tsx","statementMap":{"0":{"start":{"line":2,"column":2},"end":{"line":3,"column":38}},"1":{"start":{"line":3,"column":2},"end":{"line":3,"column":38}},"2":{"start":{"line":3,"column":25},"end":{"line":3,"column":34}}},"fnMap":{"0":{"name":"(anonymous_0)","decl":{"start":{"line":2,"column":2},"end":{"line":2,"column":3}},"loc":{"start":{"line":3,"column":2},"end":{"line":3,"column":38}}},"1":{"name":"(anonymous_1)","decl":{"start":{"line":3,"column":11},"end":{"line":3,"column":12}},"loc":{"start":{"line":3,"column":25},"end":{"line":3,"column":34}}}},"branchMap":{},"s":{"0":1,"1":2,"2":2},"f":{"0":2,"1":2},"b":{}}
,"/Users/bharattiwari/working/votOn/reactnative/votOn-ReactNative/src/screens/router.ts": {"path":"/Users/bharattiwari/working/votOn/reactnative/votOn-ReactNative/src/screens/router.ts","statementMap":{"0":{"start":{"line":5,"column":24},"end":{"line":12,"column":2}}},"fnMap":{},"branchMap":{},"s":{"0":1},"f":{},"b":{}}
,"/Users/bharattiwari/working/votOn/reactnative/votOn-ReactNative/src/screens/home/home.tsx": {"path":"/Users/bharattiwari/working/votOn/reactnative/votOn-ReactNative/src/screens/home/home.tsx","statementMap":{"0":{"start":{"line":10,"column":8},"end":{"line":26,"column":10}},"1":{"start":{"line":20,"column":40},"end":{"line":20,"column":109}},"2":{"start":{"line":34,"column":15},"end":{"line":89,"column":1}}},"fnMap":{"0":{"name":"(anonymous_0)","decl":{"start":{"line":9,"column":4},"end":{"line":9,"column":9}},"loc":{"start":{"line":9,"column":10},"end":{"line":27,"column":5}}},"1":{"name":"(anonymous_1)","decl":{"start":{"line":20,"column":33},"end":{"line":20,"column":35}},"loc":{"start":{"line":20,"column":40},"end":{"line":20,"column":109}}}},"branchMap":{},"s":{"0":1,"1":0,"2":1},"f":{"0":1,"1":0},"b":{}}
,"/Users/bharattiwari/working/votOn/reactnative/votOn-ReactNative/src/screens/secondScreen/secondScreen.tsx": {"path":"/Users/bharattiwari/working/votOn/reactnative/votOn-ReactNative/src/screens/secondScreen/secondScreen.tsx","statementMap":{"0":{"start":{"line":6,"column":21},"end":{"line":24,"column":1}},"1":{"start":{"line":7,"column":4},"end":{"line":23,"column":6}},"2":{"start":{"line":27,"column":15},"end":{"line":82,"column":1}}},"fnMap":{"0":{"name":"(anonymous_0)","decl":{"start":{"line":6,"column":21},"end":{"line":6,"column":23}},"loc":{"start":{"line":6,"column":26},"end":{"line":24,"column":1}}}},"branchMap":{},"s":{"0":1,"1":0,"2":1},"f":{"0":0},"b":{}}
}
