TN:
SF:/Users/bharattiwari/working/votOn/reactnative/votOn-ReactNative/src/App.tsx
FN:5,(anonymous_0)
FNF:1
FNH:1
FNDA:1,(anonymous_0)
DA:6,1
LF:1
LH:1
BRF:0
BRH:0
end_of_record
TN:
SF:/Users/bharattiwari/working/votOn/reactnative/votOn-ReactNative/src/components/testjest/test2.tsx
FN:3,(anonymous_0)
FN:4,(anonymous_1)
FNF:2
FNH:2
FNDA:1,(anonymous_0)
FNDA:2,(anonymous_1)
DA:3,1
DA:4,2
DA:5,1
DA:6,1
DA:8,0
LF:5
LH:4
BRDA:5,0,0,1
BRDA:5,0,1,0
BRF:2
BRH:1
end_of_record
TN:
SF:/Users/bharattiwari/working/votOn/reactnative/votOn-ReactNative/src/components/testjest/testjest.tsx
FN:2,(anonymous_0)
FN:3,(anonymous_1)
FNF:2
FNH:2
FNDA:2,(anonymous_0)
FNDA:2,(anonymous_1)
DA:2,1
DA:3,2
LF:2
LH:2
BRF:0
BRH:0
end_of_record
TN:
SF:/Users/bharattiwari/working/votOn/reactnative/votOn-ReactNative/src/screens/router.ts
FNF:0
FNH:0
DA:5,1
LF:1
LH:1
BRF:0
BRH:0
end_of_record
TN:
SF:/Users/bharattiwari/working/votOn/reactnative/votOn-ReactNative/src/screens/home/home.tsx
FN:9,(anonymous_0)
FN:20,(anonymous_1)
FNF:2
FNH:1
FNDA:1,(anonymous_0)
FNDA:0,(anonymous_1)
DA:10,1
DA:20,0
DA:34,1
LF:3
LH:2
BRF:0
BRH:0
end_of_record
TN:
SF:/Users/bharattiwari/working/votOn/reactnative/votOn-ReactNative/src/screens/secondScreen/secondScreen.tsx
FN:6,(anonymous_0)
FNF:1
FNH:0
FNDA:0,(anonymous_0)
DA:6,1
DA:7,0
DA:27,1
LF:3
LH:2
BRF:0
BRH:0
end_of_record
